g:\vs2013\set容器\set容器\debug\vc120.pdb
g:\vs2013\set容器\set容器\debug\vc120.idb
g:\vs2013\set容器\set容器\debug\01set容器_构造和赋值.obj
g:\vs2013\set容器\set容器\debug\02set容器_大小和交换.obj
g:\vs2013\set容器\set容器\debug\03set_删除和插入.obj
g:\vs2013\set容器\set容器\debug\04set_查找和统计.obj
g:\vs2013\set容器\set容器\debug\05set和multiset的区别.obj
g:\vs2013\set容器\set容器\debug\06set容器排序.obj
g:\vs2013\set容器\set容器\debug\08set容器排序，存放自定义数据类型.obj
g:\vs2013\set容器\debug\set容器.ilk
g:\vs2013\set容器\debug\set容器.exe
g:\vs2013\set容器\debug\set容器.pdb
g:\vs2013code\set容器\set容器\debug\01set容器_构造和赋值.obj
g:\vs2013code\set容器\set容器\debug\02set容器_大小和交换.obj
g:\vs2013code\set容器\set容器\debug\03set_删除和插入.obj
g:\vs2013code\set容器\set容器\debug\04set_查找和统计.obj
g:\vs2013code\set容器\set容器\debug\05set和multiset的区别.obj
g:\vs2013code\set容器\set容器\debug\06set容器排序.obj
g:\vs2013code\set容器\set容器\debug\08set容器排序，存放自定义数据类型.obj
g:\vs2013code\set容器\set容器\debug\vc120.idb
g:\vs2013code\set容器\set容器\debug\vc120.pdb
g:\vs2013code\set容器\debug\set容器.pdb
g:\vs2013code\set容器\debug\set容器.exe
g:\vs2013code\set容器\debug\set容器.ilk
g:\vs2013code\set容器\set容器\debug\set容器.tlog\cl.command.1.tlog
g:\vs2013code\set容器\set容器\debug\set容器.tlog\cl.read.1.tlog
g:\vs2013code\set容器\set容器\debug\set容器.tlog\cl.write.1.tlog
g:\vs2013code\set容器\set容器\debug\set容器.tlog\link.command.1.tlog
g:\vs2013code\set容器\set容器\debug\set容器.tlog\link.read.1.tlog
g:\vs2013code\set容器\set容器\debug\set容器.tlog\link.write.1.tlog
