生成启动时间为 2021/5/11 10:15:54。
     1>项目“G:\Vs2013Code\set容器\set容器\set容器.vcxproj”在节点 2 上(Rebuild 个目标)。
     1>ClCompile:
         G:\VS-2013\Vs-2013安装包\VC\bin\CL.exe /c /ZI /nologo /W3 /WX- /sdl /Od /Oy- /D _UNICODE /D UNICODE /Gm /EHsc /RTC1 /MDd /GS /fp:precise /Zc:wchar_t /Zc:forScope /Fo"Debug\\" /Fd"Debug\vc120.pdb" /Gd /TP /analyze- /errorReport:prompt "01set容器_构造和赋值.cpp" "02set容器_大小和交换.cpp" "03set_删除和插入.cpp" "04set_查找和统计.cpp" "05set和multiset的区别.cpp" "06set容器排序.cpp" "08set容器排序，存放自定义数据类型.cpp"
         08set容器排序，存放自定义数据类型.cpp
         06set容器排序.cpp
         05set和multiset的区别.cpp
         04set_查找和统计.cpp
         03set_删除和插入.cpp
         02set容器_大小和交换.cpp
         01set容器_构造和赋值.cpp
         正在生成代码...
       Link:
         G:\VS-2013\Vs-2013安装包\VC\bin\link.exe /ERRORREPORT:PROMPT /OUT:"G:\Vs2013Code\set容器\Debug\set容器.exe" /INCREMENTAL /NOLOGO kernel32.lib user32.lib gdi32.lib winspool.lib comdlg32.lib advapi32.lib shell32.lib ole32.lib oleaut32.lib uuid.lib odbc32.lib odbccp32.lib /MANIFEST /MANIFESTUAC:"level='asInvoker' uiAccess='false'" /manifest:embed /DEBUG /PDB:"G:\Vs2013Code\set容器\Debug\set容器.pdb" /TLBID:1 /DYNAMICBASE /NXCOMPAT /IMPLIB:"G:\Vs2013Code\set容器\Debug\set容器.lib" /MACHINE:X86 "Debug\01set容器_构造和赋值.obj"
         "Debug\02set容器_大小和交换.obj"
         "Debug\03set_删除和插入.obj"
         "Debug\04set_查找和统计.obj"
         "Debug\05set和multiset的区别.obj"
         "Debug\06set容器排序.obj"
         "Debug\08set容器排序，存放自定义数据类型.obj"
         set容器.vcxproj -> G:\Vs2013Code\set容器\Debug\set容器.exe
     1>已完成生成项目“G:\Vs2013Code\set容器\set容器\set容器.vcxproj”(Rebuild 个目标)的操作。

生成成功。

已用时间 00:00:01.18
