生成启动时间为 2021/5/19 20:06:40。
     1>项目“G:\Vs2013Code\List\List\List.vcxproj”在节点 2 上(Build 个目标)。
     1>ClCompile:
         G:\VS-2013\Vs-2013安装包\VC\bin\CL.exe /c /ZI /nologo /W3 /WX- /sdl /Od /Oy- /D _MBCS /Gm /EHsc /RTC1 /MDd /GS /fp:precise /Zc:wchar_t /Zc:forScope /Fo"Debug\\" /Fd"Debug\vc120.pdb" /Gd /TP /analyze- /errorReport:prompt "01list构造函数.cpp" "02list赋值和交换.cpp" "03list大小操作.cpp" "04list插入和删除.cpp" "05数据存取.cpp" "06list反转和排序.cpp" "07list案例.cpp"
         07list案例.cpp
         06list反转和排序.cpp
         05数据存取.cpp
         04list插入和删除.cpp
         03list大小操作.cpp
         02list赋值和交换.cpp
         01list构造函数.cpp
         正在生成代码...
       Link:
         G:\VS-2013\Vs-2013安装包\VC\bin\link.exe /ERRORREPORT:PROMPT /OUT:"G:\Vs2013Code\List\Debug\List.exe" /INCREMENTAL /NOLOGO kernel32.lib user32.lib gdi32.lib winspool.lib comdlg32.lib advapi32.lib shell32.lib ole32.lib oleaut32.lib uuid.lib odbc32.lib odbccp32.lib /MANIFEST /MANIFESTUAC:"level='asInvoker' uiAccess='false'" /manifest:embed /DEBUG /PDB:"G:\Vs2013Code\List\Debug\List.pdb" /TLBID:1 /DYNAMICBASE /NXCOMPAT /IMPLIB:"G:\Vs2013Code\List\Debug\List.lib" /MACHINE:X86 "Debug\01list构造函数.obj"
         "Debug\02list赋值和交换.obj"
         "Debug\03list大小操作.obj"
         "Debug\04list插入和删除.obj"
         "Debug\05数据存取.obj"
         "Debug\06list反转和排序.obj"
         "Debug\07list案例.obj"
         List.vcxproj -> G:\Vs2013Code\List\Debug\List.exe
     1>已完成生成项目“G:\Vs2013Code\List\List\List.vcxproj”(Build 个目标)的操作。

生成成功。

已用时间 00:00:05.24
