生成启动时间为 2021/11/20 13:00:23。
     1>项目“G:\Vs2013Code\string容器\string容器\string容器.vcxproj”在节点 2 上(Build 个目标)。
     1>ClCompile:
         G:\VS-2013\software\VC\bin\CL.exe /c /ZI /nologo /W3 /WX- /sdl /Od /Oy- /D _UNICODE /D UNICODE /Gm /EHsc /RTC1 /MDd /GS /fp:precise /Zc:wchar_t /Zc:forScope /Fo"Debug\\" /Fd"Debug\vc120.pdb" /Gd /TP /analyze- /errorReport:prompt "2string赋值操作.cpp" "3string字符拼接.cpp"
         3string字符拼接.cpp
         2string赋值操作.cpp
         正在生成代码...
       Link:
         G:\VS-2013\software\VC\bin\link.exe /ERRORREPORT:PROMPT /OUT:"G:\Vs2013Code\string容器\Debug\string容器.exe" /INCREMENTAL /NOLOGO kernel32.lib user32.lib gdi32.lib winspool.lib comdlg32.lib advapi32.lib shell32.lib ole32.lib oleaut32.lib uuid.lib odbc32.lib odbccp32.lib /MANIFEST /MANIFESTUAC:"level='asInvoker' uiAccess='false'" /manifest:embed /DEBUG /PDB:"G:\Vs2013Code\string容器\Debug\string容器.pdb" /TLBID:1 /DYNAMICBASE /NXCOMPAT /IMPLIB:"G:\Vs2013Code\string容器\Debug\string容器.lib" /MACHINE:X86 "Debug\1string的构造函数.obj"
         "Debug\3string字符拼接.obj"
         "Debug\4string查找和替换.obj"
         "Debug\2string赋值操作.obj"
         "Debug\5string字符比较.obj"
         "Debug\6string字符存取.obj"
         "Debug\7string插入和删除.obj"
         "Debug\8string子串.obj"
         string容器.vcxproj -> G:\Vs2013Code\string容器\Debug\string容器.exe
     1>已完成生成项目“G:\Vs2013Code\string容器\string容器\string容器.vcxproj”(Build 个目标)的操作。

生成成功。

已用时间 00:00:01.20
