g:\vs工程\五子棋\五子棋\debug\main.obj
g:\vs工程\五子棋\五子棋\debug\search.obj
g:\vs工程\五子棋\五子棋\debug\vc100.pdb
g:\vs工程\五子棋\五子棋\debug\test.obj
g:\vs工程\五子棋\debug\五子棋.ilk
g:\vs工程\五子棋\debug\五子棋.exe
g:\vs工程\五子棋\五子棋\debug\五子棋.exe.intermediate.manifest
g:\vs工程\五子棋\debug\五子棋.pdb
g:\vs工程\五子棋\五子棋\debug\vc120.pdb
g:\vs工程\五子棋\五子棋\debug\vc120.idb
g:\vs工程\五子棋\五子棋\debug\五子棋.vcxprojresolveassemblyreference.cache
g:\vs工程\五子棋\五子棋\debug\cl.command.1.tlog
g:\vs工程\五子棋\五子棋\debug\cl.read.1.tlog
g:\vs工程\五子棋\五子棋\debug\cl.write.1.tlog
g:\vs工程\五子棋\五子棋\debug\link.command.1.tlog
g:\vs工程\五子棋\五子棋\debug\link.read.1.tlog
g:\vs工程\五子棋\五子棋\debug\link.write.1.tlog
g:\vs工程\五子棋\五子棋\debug\mt.command.1.tlog
g:\vs工程\五子棋\五子棋\debug\mt.read.1.tlog
g:\vs工程\五子棋\五子棋\debug\mt.write.1.tlog
g:\vs工程\五子棋\五子棋\debug\五子棋.write.1.tlog
g:\vs工程\五子棋\五子棋\debug\vc100.idb
g:\vs工程\五子棋\五子棋\debug\五子棋.tlog\cl.command.1.tlog
g:\vs工程\五子棋\五子棋\debug\五子棋.tlog\cl.read.1.tlog
g:\vs工程\五子棋\五子棋\debug\五子棋.tlog\cl.write.1.tlog
g:\vs工程\五子棋\五子棋\debug\五子棋.tlog\link-cvtres.read.1.tlog
g:\vs工程\五子棋\五子棋\debug\五子棋.tlog\link-cvtres.write.1.tlog
g:\vs工程\五子棋\五子棋\debug\五子棋.tlog\link-rc.read.1.tlog
g:\vs工程\五子棋\五子棋\debug\五子棋.tlog\link-rc.write.1.tlog
g:\vs工程\五子棋\五子棋\debug\五子棋.tlog\link.command.1.tlog
g:\vs工程\五子棋\五子棋\debug\五子棋.tlog\link.read.1.tlog
g:\vs工程\五子棋\五子棋\debug\五子棋.tlog\link.write.1.tlog
