生成启动时间为 2021/11/18 22:59:03。
     1>项目“G:\VS2010工程\加号运算符重载\加号运算符重载\加号运算符重载.vcxproj”在节点 2 上(Build 个目标)。
     1>ClCompile:
         G:\VS-2013\software\VC\bin\CL.exe /c /ZI /nologo /W3 /WX- /Od /Oy- /D _UNICODE /D UNICODE /Gm /EHsc /RTC1 /MDd /GS /fp:precise /Zc:wchar_t /Zc:forScope /Fo"Debug\\" /Fd"Debug\vc120.pdb" /Gd /TP /analyze- /errorReport:prompt "函数调用运算重载.cpp" "加号运算符重载.cpp" "左移运算符重载.cpp" "赋值运算符重载.cpp"
         赋值运算符重载.cpp
         左移运算符重载.cpp
         加号运算符重载.cpp
         函数调用运算重载.cpp
         正在生成代码...
       Link:
         G:\VS-2013\software\VC\bin\link.exe /ERRORREPORT:PROMPT /OUT:"G:\VS2010工程\加号运算符重载\Debug\运算符重载.exe" /INCREMENTAL /NOLOGO kernel32.lib user32.lib gdi32.lib winspool.lib comdlg32.lib advapi32.lib shell32.lib ole32.lib oleaut32.lib uuid.lib odbc32.lib odbccp32.lib /MANIFEST /MANIFESTUAC:"level='asInvoker' uiAccess='false'" /manifest:embed /DEBUG /PDB:"G:\VS2010工程\加号运算符重载\Debug\运算符重载.pdb" /TLBID:1 /DYNAMICBASE /NXCOMPAT /IMPLIB:"G:\VS2010工程\加号运算符重载\Debug\运算符重载.lib" /MACHINE:X86 "Debug\关系运算符重载.obj"
         "Debug\函数调用运算重载.obj"
         "Debug\加号运算符重载.obj"
         "Debug\左移运算符重载.obj"
         "Debug\赋值运算符重载.obj"
         "Debug\递减运算符重载.obj"
         "Debug\递增运算符重载.obj"
         加号运算符重载.vcxproj -> G:\VS2010工程\加号运算符重载\Debug\运算符重载.exe
     1>已完成生成项目“G:\VS2010工程\加号运算符重载\加号运算符重载\加号运算符重载.vcxproj”(Build 个目标)的操作。

生成成功。

已用时间 00:00:02.13
