G:\VS工程\加号运算符重载\DEBUG\加号运算符重载.EXE
G:\VS工程\加号运算符重载\DEBUG\加号运算符重载.ILK
G:\VS工程\加号运算符重载\DEBUG\加号运算符重载.PDB
G:\VS工程\加号运算符重载\加号运算符重载\Debug\cl.command.1.tlog
G:\VS工程\加号运算符重载\加号运算符重载\Debug\CL.read.1.tlog
G:\VS工程\加号运算符重载\加号运算符重载\Debug\CL.write.1.tlog
G:\VS工程\加号运算符重载\加号运算符重载\Debug\link.command.1.tlog
G:\VS工程\加号运算符重载\加号运算符重载\Debug\link.read.1.tlog
G:\VS工程\加号运算符重载\加号运算符重载\Debug\link.write.1.tlog
G:\VS工程\加号运算符重载\加号运算符重载\Debug\mt.command.1.tlog
G:\VS工程\加号运算符重载\加号运算符重载\Debug\mt.read.1.tlog
G:\VS工程\加号运算符重载\加号运算符重载\Debug\mt.write.1.tlog
G:\VS工程\加号运算符重载\加号运算符重载\Debug\vc100.idb
G:\VS工程\加号运算符重载\加号运算符重载\DEBUG\VC100.PDB
G:\VS工程\加号运算符重载\加号运算符重载\DEBUG\递减运算符重载.OBJ
G:\VS工程\加号运算符重载\加号运算符重载\DEBUG\递增运算符重载.OBJ
G:\VS工程\加号运算符重载\加号运算符重载\DEBUG\加号运算符重载.EXE.INTERMEDIATE.MANIFEST
G:\VS工程\加号运算符重载\加号运算符重载\DEBUG\加号运算符重载.OBJ
G:\VS工程\加号运算符重载\加号运算符重载\Debug\加号运算符重载.write.1.tlog
G:\VS工程\加号运算符重载\加号运算符重载\DEBUG\左移运算符重载.OBJ
