生成启动时间为 2021/11/17 21:02:50。
     1>项目“G:\Vs2013Code\基于STL的演讲比赛流程图管理系统\基于STL的演讲比赛流程图管理系统\基于STL的演讲比赛流程图管理系统.vcxproj”在节点 2 上(Build 个目标)。
     1>ClCompile:
         G:\VS-2013\software\VC\bin\CL.exe /c /ZI /nologo /W3 /WX- /sdl /Od /Oy- /D _UNICODE /D UNICODE /Gm /EHsc /RTC1 /MDd /GS /fp:precise /Zc:wchar_t /Zc:forScope /Fo"Debug\\" /Fd"Debug\vc120.pdb" /Gd /TP /analyze- /errorReport:prompt speechManager.cpp "演讲比赛流程图管理系统.cpp"
         演讲比赛流程图管理系统.cpp
         speechManager.cpp
     1>g:\vs2013code\基于stl的演讲比赛流程图管理系统\基于stl的演讲比赛流程图管理系统\speechmanager.cpp(52): warning C4018: “<”: 有符号/无符号不匹配
     1>g:\vs2013code\基于stl的演讲比赛流程图管理系统\基于stl的演讲比赛流程图管理系统\speechmanager.cpp(326): warning C4018: “<”: 有符号/无符号不匹配
     1>g:\vs-2013\software\vc\include\numeric(20): warning C4244: “=”: 从“double”转换到“float”，可能丢失数据
                 g:\vs-2013\software\vc\include\numeric(31): 参见对正在编译的函数 模板 实例化“_Ty std::_Accumulate<std::_Deque_unchecked_iterator<_Mydeque>,_Ty,_Fn2>(_InIt,_InIt,_Ty,_Fn2)”的引用
                 with
                 [
                     _Ty=float
         ,            _Mydeque=std::_Deque_val<std::_Deque_simple_types<double>>
         ,            _Fn2=std::plus<void>
         ,            _InIt=std::_Deque_unchecked_iterator<std::_Deque_val<std::_Deque_simple_types<double>>>
                 ]
                 g:\vs-2013\software\vc\include\numeric(39): 参见对正在编译的函数 模板 实例化“_Ty std::accumulate<_InIt,_Ty,std::plus<void>>(_InIt,_InIt,_Ty,_Fn2)”的引用
                 with
                 [
                     _Ty=float
         ,            _InIt=std::_Deque_iterator<std::_Deque_val<std::_Deque_simple_types<double>>>
         ,            _Fn2=std::plus<void>
                 ]
                 g:\vs2013code\基于stl的演讲比赛流程图管理系统\基于stl的演讲比赛流程图管理系统\speechmanager.cpp(174): 参见对正在编译的函数 模板 实例化“_Ty std::accumulate<std::_Deque_iterator<std::_Deque_val<std::_Deque_simple_types<double>>>,float>(_InIt,_InIt,_Ty)”的引用
                 with
                 [
                     _Ty=float
         ,            _InIt=std::_Deque_iterator<std::_Deque_val<std::_Deque_simple_types<double>>>
                 ]
         正在生成代码...
       Link:
         G:\VS-2013\software\VC\bin\link.exe /ERRORREPORT:PROMPT /OUT:"G:\Vs2013Code\基于STL的演讲比赛流程图管理系统\Debug\基于STL的演讲比赛流程图管理系统.exe" /INCREMENTAL /NOLOGO kernel32.lib user32.lib gdi32.lib winspool.lib comdlg32.lib advapi32.lib shell32.lib ole32.lib oleaut32.lib uuid.lib odbc32.lib odbccp32.lib /MANIFEST /MANIFESTUAC:"level='asInvoker' uiAccess='false'" /manifest:embed /DEBUG /PDB:"G:\Vs2013Code\基于STL的演讲比赛流程图管理系统\Debug\基于STL的演讲比赛流程图管理系统.pdb" /TLBID:1 /DYNAMICBASE /NXCOMPAT /IMPLIB:"G:\Vs2013Code\基于STL的演讲比赛流程图管理系统\Debug\基于STL的演讲比赛流程图管理系统.lib" /MACHINE:X86 Debug\speechManager.obj
         "Debug\演讲比赛流程图管理系统.obj"
         基于STL的演讲比赛流程图管理系统.vcxproj -> G:\Vs2013Code\基于STL的演讲比赛流程图管理系统\Debug\基于STL的演讲比赛流程图管理系统.exe
     1>已完成生成项目“G:\Vs2013Code\基于STL的演讲比赛流程图管理系统\基于STL的演讲比赛流程图管理系统\基于STL的演讲比赛流程图管理系统.vcxproj”(Build 个目标)的操作。

生成成功。

已用时间 00:00:06.18
