生成启动时间为 2021/12/13 13:51:30。
     1>项目“G:\Vs2013Code\1vector-构造函数\1vector-构造函数\1vector-构造函数.vcxproj”在节点 2 上(Build 个目标)。
     1>ClCompile:
         G:\VS-2013\software\VC\bin\CL.exe /c /ZI /nologo /W3 /WX- /sdl /Od /Oy- /D _UNICODE /D UNICODE /Gm /EHsc /RTC1 /MDd /GS /fp:precise /Zc:wchar_t /Zc:forScope /Fo"Debug\\" /Fd"Debug\vc120.pdb" /Gd /TP /analyze- /errorReport:prompt "4vector插入和删除.cpp" "5vector容器_数据存储.cpp"
         5vector容器_数据存储.cpp
     1>g:\vs2013code\1vector-构造函数\1vector-构造函数\5vector容器_数据存储.cpp(25): warning C4018: “<”: 有符号/无符号不匹配
     1>g:\vs2013code\1vector-构造函数\1vector-构造函数\5vector容器_数据存储.cpp(32): warning C4018: “<”: 有符号/无符号不匹配
         4vector插入和删除.cpp
         正在生成代码...
       Link:
         G:\VS-2013\software\VC\bin\link.exe /ERRORREPORT:PROMPT /OUT:"G:\Vs2013Code\1vector-构造函数\Debug\vector.exe" /INCREMENTAL /NOLOGO kernel32.lib user32.lib gdi32.lib winspool.lib comdlg32.lib advapi32.lib shell32.lib ole32.lib oleaut32.lib uuid.lib odbc32.lib odbccp32.lib /MANIFEST /MANIFESTUAC:"level='asInvoker' uiAccess='false'" /manifest:embed /DEBUG /PDB:"G:\Vs2013Code\1vector-构造函数\Debug\vector.pdb" /TLBID:1 /DYNAMICBASE /NXCOMPAT /IMPLIB:"G:\Vs2013Code\1vector-构造函数\Debug\vector.lib" /MACHINE:X86 "Debug\1vector-基本概念.obj"
         "Debug\2vector-复值.obj"
         "Debug\3vector容器大小.obj"
         "Debug\4vector插入和删除.obj"
         "Debug\5vector容器_数据存储.obj"
         "Debug\6互换容器.obj"
         "Debug\7vector预留空间.obj"
         1vector-构造函数.vcxproj -> G:\Vs2013Code\1vector-构造函数\Debug\vector.exe
     1>已完成生成项目“G:\Vs2013Code\1vector-构造函数\1vector-构造函数\1vector-构造函数.vcxproj”(Build 个目标)的操作。

生成成功。

已用时间 00:00:01.14
