g:\vs工程\万年历\万年历\debug\万年历.obj
g:\vs工程\万年历\万年历\debug\vc100.pdb
g:\vs工程\万年历\debug\万年历.ilk
g:\vs工程\万年历\debug\万年历.exe
g:\vs工程\万年历\万年历\debug\万年历.exe.intermediate.manifest
g:\vs工程\万年历\debug\万年历.pdb
g:\vs工程\万年历\万年历\debug\vc120.pdb
g:\vs工程\万年历\万年历\debug\vc120.idb
g:\vs工程\万年历\万年历\debug\万年历.vcxprojresolveassemblyreference.cache
g:\vs工程\万年历\万年历\debug\cl.command.1.tlog
g:\vs工程\万年历\万年历\debug\cl.read.1.tlog
g:\vs工程\万年历\万年历\debug\cl.write.1.tlog
g:\vs工程\万年历\万年历\debug\link.command.1.tlog
g:\vs工程\万年历\万年历\debug\link.read.1.tlog
g:\vs工程\万年历\万年历\debug\link.write.1.tlog
g:\vs工程\万年历\万年历\debug\mt.command.1.tlog
g:\vs工程\万年历\万年历\debug\mt.read.1.tlog
g:\vs工程\万年历\万年历\debug\mt.write.1.tlog
g:\vs工程\万年历\万年历\debug\万年历.write.1.tlog
g:\vs工程\万年历\万年历\debug\vc100.idb
g:\vs工程\万年历\万年历\debug\万年历.tlog\cl.command.1.tlog
g:\vs工程\万年历\万年历\debug\万年历.tlog\cl.read.1.tlog
g:\vs工程\万年历\万年历\debug\万年历.tlog\cl.write.1.tlog
g:\vs工程\万年历\万年历\debug\万年历.tlog\link-cvtres.read.1.tlog
g:\vs工程\万年历\万年历\debug\万年历.tlog\link-cvtres.write.1.tlog
g:\vs工程\万年历\万年历\debug\万年历.tlog\link-rc.read.1.tlog
g:\vs工程\万年历\万年历\debug\万年历.tlog\link-rc.write.1.tlog
g:\vs工程\万年历\万年历\debug\万年历.tlog\link.command.1.tlog
g:\vs工程\万年历\万年历\debug\万年历.tlog\link.read.1.tlog
g:\vs工程\万年历\万年历\debug\万年历.tlog\link.write.1.tlog
