g:\vs工程\封装\封装\debug\vc100.pdb
g:\vs工程\封装\封装\debug\main.obj
g:\vs工程\封装\封装\debug\point.obj
g:\vs工程\封装\封装\debug\circle.obj
g:\vs工程\封装\debug\封装.ilk
g:\vs工程\封装\debug\封装.exe
g:\vs工程\封装\封装\debug\封装.exe.intermediate.manifest
g:\vs工程\封装\debug\封装.pdb
g:\vs2010工程\封装\封装\debug\vc120.pdb
g:\vs2010工程\封装\封装\debug\vc120.idb
g:\vs2010工程\封装\封装\debug\circle.obj
g:\vs2010工程\封装\封装\debug\main.obj
g:\vs2010工程\封装\封装\debug\point.obj
g:\vs2010工程\封装\封装\debug\封装.vcxprojresolveassemblyreference.cache
g:\vs2010工程\封装\封装\debug\cl.command.1.tlog
g:\vs2010工程\封装\封装\debug\cl.read.1.tlog
g:\vs2010工程\封装\封装\debug\cl.write.1.tlog
g:\vs2010工程\封装\封装\debug\link.command.1.tlog
g:\vs2010工程\封装\封装\debug\link.read.1.tlog
g:\vs2010工程\封装\封装\debug\link.write.1.tlog
g:\vs2010工程\封装\封装\debug\mt.command.1.tlog
g:\vs2010工程\封装\封装\debug\mt.read.1.tlog
g:\vs2010工程\封装\封装\debug\mt.write.1.tlog
g:\vs2010工程\封装\封装\debug\封装.write.1.tlog
g:\vs2010工程\封装\封装\debug\封装.exe.intermediate.manifest
g:\vs2010工程\封装\封装\debug\vc100.idb
g:\vs2010工程\封装\封装\debug\vc100.pdb
g:\vs2010工程\封装\debug\封装.pdb
g:\vs2010工程\封装\封装\debug\封装.tlog\cl.command.1.tlog
g:\vs2010工程\封装\封装\debug\封装.tlog\cl.read.1.tlog
g:\vs2010工程\封装\封装\debug\封装.tlog\cl.write.1.tlog
g:\vs2010工程\封装\封装\debug\封装.tlog\link-cvtres.read.1.tlog
g:\vs2010工程\封装\封装\debug\封装.tlog\link-cvtres.write.1.tlog
g:\vs2010工程\封装\封装\debug\封装.tlog\link-rc.read.1.tlog
g:\vs2010工程\封装\封装\debug\封装.tlog\link-rc.write.1.tlog
g:\vs2010工程\封装\封装\debug\封装.tlog\link.command.1.tlog
g:\vs2010工程\封装\封装\debug\封装.tlog\link.read.1.tlog
g:\vs2010工程\封装\封装\debug\封装.tlog\link.write.1.tlog
