生成启动时间为 2021/2/22 23:34:17。
     1>项目“G:\VS工程\学生管理系统\学生管理系统\学生管理系统.vcxproj”在节点 2 上(build 个目标)。
     1>InitializeBuildStatus:
         正在创建“Debug\学生管理系统.unsuccessfulbuild”，因为已指定“AlwaysCreate”。
       ClCompile:
         g:\VS2010\安装包\VC\bin\CL.exe /c /ZI /nologo /W3 /WX- /Od /Oy- /D _UNICODE /D UNICODE /Gm /EHsc /RTC1 /MDd /GS /fp:precise /Zc:wchar_t /Zc:forScope /Fo"Debug\\" /Fd"Debug\vc100.pdb" /Gd /TP /analyze- /errorReport:prompt "学生管理系统.cpp"
         学生管理系统.cpp
       Link:
         g:\VS2010\安装包\VC\bin\link.exe /ERRORREPORT:PROMPT /OUT:"G:\VS工程\学生管理系统\Debug\学生管理系统.exe" /NOLOGO kernel32.lib user32.lib gdi32.lib winspool.lib comdlg32.lib advapi32.lib shell32.lib ole32.lib oleaut32.lib uuid.lib odbc32.lib odbccp32.lib /MANIFEST /ManifestFile:"Debug\学生管理系统.exe.intermediate.manifest" /MANIFESTUAC:"level='asInvoker' uiAccess='false'" /DEBUG /PDB:"G:\VS工程\学生管理系统\Debug\学生管理系统.pdb" /TLBID:1 /DYNAMICBASE /NXCOMPAT /IMPLIB:"G:\VS工程\学生管理系统\Debug\学生管理系统.lib" /MACHINE:X86 "Debug\学生管理系统.obj"
         "Debug\管理系统副本.obj"
         LINK : 没有找到 G:\VS工程\学生管理系统\Debug\学生管理系统.exe 或上一个增量链接没有生成它；正在执行完全链接
         学生管理系统.vcxproj -> G:\VS工程\学生管理系统\Debug\学生管理系统.exe
       Manifest:
         C:\Program Files (x86)\Microsoft SDKs\Windows\v7.0A\bin\mt.exe /nologo /verbose /outputresource:"G:\VS工程\学生管理系统\Debug\学生管理系统.exe;#1" /manifest "Debug\学生管理系统.exe.intermediate.manifest"
       FinalizeBuildStatus:
         正在删除文件“Debug\学生管理系统.unsuccessfulbuild”。
         正在对“Debug\学生管理系统.lastbuildstate”执行 Touch 任务。
     1>已完成生成项目“G:\VS工程\学生管理系统\学生管理系统\学生管理系统.vcxproj”(build 个目标)的操作。

生成成功。

已用时间 00:00:00.90
